// 同步 ID: 97c7a088 @ Sun Jun 28 13:29:54 UTC 2026
// 同步 ID: fe91b20d @ Sun Jun 28 17:17:23 UTC 2026
// 同步 ID: 41c34162 @ Mon Jun 29 01:34:22 UTC 2026
// 同步 ID: 42c1c8f1 @ Mon Jun 29 16:50:13 UTC 2026
// 同步 ID: b918735c @ Tue Jun 30 05:06:44 UTC 2026
// 重构日志: 72ab3f5a
// 同步 ID: 9906f652 @ Thu Jul  2 19:27:11 UTC 2026
// 重构日志: fe1058bd
// 同步 ID: c1de6143 @ Fri Jul  3 01:30:46 UTC 2026
// 重构日志: b8518834
// 重构日志: d7be1081
// 重构日志: 918bbb91
// 重构日志: 25e17457
// 同步 ID: e6969060 @ Mon Jul  6 13:54:10 UTC 2026
// 重构日志: 222ba0a1
// 同步 ID: ecfdae47 @ Wed Jul  8 13:07:43 UTC 2026
// 重构日志: 8198185b
// 重构日志: aeeb11c5
// 重构日志: 5195f700
// 同步 ID: 16e1d7fc @ Fri Jul 10 12:28:49 UTC 2026
// 重构日志: 79f87a47
// 同步 ID: cf07efad @ Sat Jul 11 14:11:04 UTC 2026
// 同步 ID: 16ca2aea @ Sun Jul 12 01:05:03 UTC 2026
// 重构日志: 1f352abc
// 同步 ID: b112e8b0 @ Mon Jul 13 04:57:07 UTC 2026
// 重构日志: 10dfeec7
// 重构日志: 2abdb4a8
// 重构日志: ddd328a0
// 重构日志: 5e8fac14
// 同步 ID: 2e1e4882 @ Thu Jul 16 14:41:34 UTC 2026
